#
# There is insufficient memory for the Java Runtime Environment to continue.
# Native memory allocation (malloc) failed to allocate 688336 bytes for Chunk::new
# Possible reasons:
#   The system is out of physical RAM or swap space
#   In 32 bit mode, the process size limit was hit
# Possible solutions:
#   Reduce memory load on the system
#   Increase physical memory or swap space
#   Check if swap backing store is full
#   Use 64 bit Java on a 64 bit OS
#   Decrease Java heap size (-Xmx/-Xms)
#   Decrease number of Java threads
#   Decrease Java thread stack sizes (-Xss)
#   Set larger code cache with -XX:ReservedCodeCacheSize=
# This output file may be truncated or incomplete.
#
#  Out of Memory Error (allocation.cpp:390), pid=636, tid=0x0000000000002a78
#
# JRE version: Java(TM) SE Runtime Environment (8.0_131-b11) (build 1.8.0_131-b11)
# Java VM: Java HotSpot(TM) 64-Bit Server VM (25.131-b11 mixed mode windows-amd64 compressed oops)
# Failed to write core dump. Minidumps are not enabled by default on client versions of Windows
#

---------------  T H R E A D  ---------------

Current thread (0x0000000017355800):  JavaThread "C2 CompilerThread1" daemon [_thread_in_native, id=10872, stack(0x0000000017c10000,0x0000000017d10000)]

Stack: [0x0000000017c10000,0x0000000017d10000]
[error occurred during error reporting (printing stack bounds), id 0xc0000005]

Native frames: (J=compiled Java code, j=interpreted, Vv=VM code, C=native code)


Current CompileTask:
C2:   2449 2681       4       org.eclipse.sisu.plexus.RealmFilter$FilteredItr::hasNext (81 bytes)


---------------  P R O C E S S  ---------------

Java Threads: ( => current thread )
  0x000000001738d000 JavaThread "Service Thread" daemon [_thread_blocked, id=248, stack(0x0000000017f10000,0x0000000018010000)]
  0x0000000017360000 JavaThread "C1 CompilerThread3" daemon [_thread_blocked, id=10876, stack(0x0000000017e10000,0x0000000017f10000)]
  0x0000000017357000 JavaThread "C2 CompilerThread2" daemon [_thread_in_native, id=16792, stack(0x0000000017d10000,0x0000000017e10000)]
=>0x0000000017355800 JavaThread "C2 CompilerThread1" daemon [_thread_in_native, id=10872, stack(0x0000000017c10000,0x0000000017d10000)]
  0x0000000017353800 JavaThread "C2 CompilerThread0" daemon [_thread_in_native, id=7108, stack(0x0000000017b10000,0x0000000017c10000)]
  0x000000001734c000 JavaThread "Attach Listener" daemon [_thread_blocked, id=5436, stack(0x0000000017a10000,0x0000000017b10000)]
  0x000000001734a800 JavaThread "Signal Dispatcher" daemon [_thread_blocked, id=14436, stack(0x0000000017910000,0x0000000017a10000)]
  0x0000000017340800 JavaThread "Finalizer" daemon [_thread_blocked, id=8040, stack(0x0000000017720000,0x0000000017820000)]
  0x000000000328a000 JavaThread "Reference Handler" daemon [_thread_blocked, id=16364, stack(0x0000000017220000,0x0000000017320000)]
  0x0000000003193800 JavaThread "main" [_thread_in_native, id=8120, stack(0x0000000003020000,0x0000000003120000)]

Other Threads:
  0x0000000015449000 VMThread [stack: 0x0000000017120000,0x0000000017220000] [id=3532]
  0x0000000017392000 WatcherThread [stack: 0x0000000018010000,0x0000000018110000] [id=14068]

VM state:not at safepoint (normal execution)

VM Mutex/Monitor currently owned by a thread: None

Heap:
 PSYoungGen      total 76288K, used 67758K [0x00000000f0000000, 0x00000000f5500000, 0x0000000100000000)
  eden space 65536K, 91% used [0x00000000f0000000,0x00000000f3aa60f0,0x00000000f4000000)
  from space 10752K, 71% used [0x00000000f4a80000,0x00000000f52058a8,0x00000000f5500000)
  to   space 10752K, 0% used [0x00000000f4000000,0x00000000f4000000,0x00000000f4a80000)
 ParOldGen       total 175104K, used 24K [0x00000000d0000000, 0x00000000dab00000, 0x00000000f0000000)
  object space 175104K, 0% used [0x00000000d0000000,0x00000000d0006000,0x00000000dab00000)
 Metaspace       used 15548K, capacity 15878K, committed 16128K, reserved 1062912K
  class space    used 1847K, capacity 1981K, committed 2048K, reserved 1048576K

Card table byte_map: [0x0000000012650000,0x00000000127e0000] byte_map_base: 0x0000000011fd0000

Marking Bits: (ParMarkBitMap*) 0x00000000734fc720
 Begin Bits: [0x00000000130e0000, 0x0000000013ce0000)
 End Bits:   [0x0000000013ce0000, 0x00000000148e0000)

Polling page: 0x00000000017e0000

CodeCache: size=245760Kb used=9945Kb max_used=9964Kb free=235814Kb
 bounds [0x0000000003290000, 0x0000000003c60000, 0x0000000012290000]
 total_blobs=3084 nmethods=2748 adapters=248
 compilation: enabled

Compilation events (10 events):
Event: 2.441 Thread 0x0000000017360000 2762       3       java.util.HashMap::get (23 bytes)
Event: 2.441 Thread 0x0000000017360000 nmethod 2762 0x0000000003c492d0 code [0x0000000003c49460, 0x0000000003c49858]
Event: 2.441 Thread 0x0000000017360000 2763       3       org.codehaus.plexus.util.xml.Xpp3Dom::getChild (14 bytes)
Event: 2.441 Thread 0x0000000017360000 nmethod 2763 0x0000000003c499d0 code [0x0000000003c49b40, 0x0000000003c49e48]
Event: 2.441 Thread 0x0000000017360000 2764       3       java.util.LinkedList$ListItr::hasNext (20 bytes)
Event: 2.441 Thread 0x0000000017360000 nmethod 2764 0x0000000003c49f50 code [0x0000000003c4a0a0, 0x0000000003c4a250]
Event: 2.441 Thread 0x0000000017360000 2765       1       org.eclipse.aether.DefaultRepositorySystemSession::isIgnoreArtifactDescriptorRepositories (5 bytes)
Event: 2.441 Thread 0x0000000017360000 nmethod 2765 0x0000000003c4a310 code [0x0000000003c4a460, 0x0000000003c4a570]
Event: 2.447 Thread 0x0000000017353800 nmethod 2725 0x0000000003c4ef90 code [0x0000000003c4f260, 0x0000000003c50f60]
Event: 2.447 Thread 0x0000000017353800 2731       4       org.codehaus.plexus.configuration.xml.XmlPlexusConfiguration::<init> (93 bytes)

GC Heap History (4 events):
Event: 1.006 GC heap before
{Heap before GC invocations=1 (full 0):
 PSYoungGen      total 76288K, used 65536K [0x00000000f0000000, 0x00000000f5500000, 0x0000000100000000)
  eden space 65536K, 100% used [0x00000000f0000000,0x00000000f4000000,0x00000000f4000000)
  from space 10752K, 0% used [0x00000000f4a80000,0x00000000f4a80000,0x00000000f5500000)
  to   space 10752K, 0% used [0x00000000f4000000,0x00000000f4000000,0x00000000f4a80000)
 ParOldGen       total 175104K, used 0K [0x00000000d0000000, 0x00000000dab00000, 0x00000000f0000000)
  object space 175104K, 0% used [0x00000000d0000000,0x00000000d0000000,0x00000000dab00000)
 Metaspace       used 12505K, capacity 12654K, committed 12928K, reserved 1060864K
  class space    used 1560K, capacity 1637K, committed 1664K, reserved 1048576K
Event: 1.017 GC heap after
Heap after GC invocations=1 (full 0):
 PSYoungGen      total 76288K, used 10668K [0x00000000f0000000, 0x00000000f5500000, 0x0000000100000000)
  eden space 65536K, 0% used [0x00000000f0000000,0x00000000f0000000,0x00000000f4000000)
  from space 10752K, 99% used [0x00000000f4000000,0x00000000f4a6b140,0x00000000f4a80000)
  to   space 10752K, 0% used [0x00000000f4a80000,0x00000000f4a80000,0x00000000f5500000)
 ParOldGen       total 175104K, used 16K [0x00000000d0000000, 0x00000000dab00000, 0x00000000f0000000)
  object space 175104K, 0% used [0x00000000d0000000,0x00000000d0004000,0x00000000dab00000)
 Metaspace       used 12505K, capacity 12654K, committed 12928K, reserved 1060864K
  class space    used 1560K, capacity 1637K, committed 1664K, reserved 1048576K
}
Event: 1.826 GC heap before
{Heap before GC invocations=2 (full 0):
 PSYoungGen      total 76288K, used 76204K [0x00000000f0000000, 0x00000000f5500000, 0x0000000100000000)
  eden space 65536K, 100% used [0x00000000f0000000,0x00000000f4000000,0x00000000f4000000)
  from space 10752K, 99% used [0x00000000f4000000,0x00000000f4a6b140,0x00000000f4a80000)
  to   space 10752K, 0% used [0x00000000f4a80000,0x00000000f4a80000,0x00000000f5500000)
 ParOldGen       total 175104K, used 16K [0x00000000d0000000, 0x00000000dab00000, 0x00000000f0000000)
  object space 175104K, 0% used [0x00000000d0000000,0x00000000d0004000,0x00000000dab00000)
 Metaspace       used 13737K, capacity 13950K, committed 14080K, reserved 1060864K
  class space    used 1647K, capacity 1741K, committed 1792K, reserved 1048576K
Event: 1.835 GC heap after
Heap after GC invocations=2 (full 0):
 PSYoungGen      total 76288K, used 7702K [0x00000000f0000000, 0x00000000f5500000, 0x0000000100000000)
  eden space 65536K, 0% used [0x00000000f0000000,0x00000000f0000000,0x00000000f4000000)
  from space 10752K, 71% used [0x00000000f4a80000,0x00000000f52058a8,0x00000000f5500000)
  to   space 10752K, 0% used [0x00000000f4000000,0x00000000f4000000,0x00000000f4a80000)
 ParOldGen       total 175104K, used 24K [0x00000000d0000000, 0x00000000dab00000, 0x00000000f0000000)
  object space 175104K, 0% used [0x00000000d0000000,0x00000000d0006000,0x00000000dab00000)
 Metaspace       used 13737K, capacity 13950K, committed 14080K, reserved 1060864K
  class space    used 1647K, capacity 1741K, committed 1792K, reserved 1048576K
}

Deoptimization events (10 events):
Event: 2.297 Thread 0x0000000003193800 Uncommon trap: reason=class_check action=maybe_recompile pc=0x0000000003b5fd74 method=org.eclipse.sisu.inject.RankedBindings$Itr.next()Lcom/google/inject/Binding; @ 7
Event: 2.299 Thread 0x0000000003193800 Uncommon trap: reason=unstable_if action=reinterpret pc=0x0000000003a346f4 method=java.util.StringTokenizer.skipDelimiters(I)I @ 64
Event: 2.305 Thread 0x0000000003193800 Uncommon trap: reason=unstable_if action=reinterpret pc=0x0000000003a682d8 method=java.util.StringTokenizer.nextToken()Ljava/lang/String; @ 5
Event: 2.310 Thread 0x0000000003193800 Uncommon trap: reason=class_check action=maybe_recompile pc=0x0000000003b5fd74 method=org.eclipse.sisu.inject.RankedBindings$Itr.next()Lcom/google/inject/Binding; @ 7
Event: 2.312 Thread 0x0000000003193800 Uncommon trap: reason=class_check action=maybe_recompile pc=0x0000000003b5fd74 method=org.eclipse.sisu.inject.RankedBindings$Itr.next()Lcom/google/inject/Binding; @ 7
Event: 2.352 Thread 0x0000000003193800 Uncommon trap: reason=unstable_if action=reinterpret pc=0x00000000038fa95c method=java.lang.ref.ReferenceQueue.poll()Ljava/lang/ref/Reference; @ 4
Event: 2.352 Thread 0x0000000003193800 Uncommon trap: reason=class_check action=maybe_recompile pc=0x0000000003af1350 method=java.util.Properties$LineReader.readLine()I @ 62
Event: 2.352 Thread 0x0000000003193800 Uncommon trap: reason=unstable_if action=reinterpret pc=0x0000000003af1278 method=java.util.Properties$LineReader.readLine()I @ 246
Event: 2.440 Thread 0x0000000003193800 Uncommon trap: reason=unstable_if action=reinterpret pc=0x0000000003b20bd8 method=java.util.HashMap.hash(Ljava/lang/Object;)I @ 1
Event: 2.440 Thread 0x0000000003193800 Uncommon trap: reason=unstable_if action=reinterpret pc=0x00000000035a53a8 method=java.util.HashMap.hash(Ljava/lang/Object;)I @ 1

Internal exceptions (10 events):
Event: 2.189 Thread 0x0000000003193800 Exception <a 'java/io/FileNotFoundException'> (0x00000000f1c29890) thrown at [C:\re\workspace\8-2-build-windows-amd64-cygwin\jdk8u131\8869\hotspot\src\share\vm\prims\jni.cpp, line 709]
Event: 2.189 Thread 0x0000000003193800 Exception <a 'java/io/FileNotFoundException'> (0x00000000f1c2b880) thrown at [C:\re\workspace\8-2-build-windows-amd64-cygwin\jdk8u131\8869\hotspot\src\share\vm\prims\jni.cpp, line 709]
Event: 2.189 Thread 0x0000000003193800 Exception <a 'java/io/FileNotFoundException'> (0x00000000f1c2d978) thrown at [C:\re\workspace\8-2-build-windows-amd64-cygwin\jdk8u131\8869\hotspot\src\share\vm\prims\jni.cpp, line 709]
Event: 2.189 Thread 0x0000000003193800 Exception <a 'java/io/FileNotFoundException'> (0x00000000f1c2fa20) thrown at [C:\re\workspace\8-2-build-windows-amd64-cygwin\jdk8u131\8869\hotspot\src\share\vm\prims\jni.cpp, line 709]
Event: 2.189 Thread 0x0000000003193800 Exception <a 'java/io/FileNotFoundException'> (0x00000000f1c31a10) thrown at [C:\re\workspace\8-2-build-windows-amd64-cygwin\jdk8u131\8869\hotspot\src\share\vm\prims\jni.cpp, line 709]
Event: 2.189 Thread 0x0000000003193800 Exception <a 'java/io/FileNotFoundException'> (0x00000000f1c33b00) thrown at [C:\re\workspace\8-2-build-windows-amd64-cygwin\jdk8u131\8869\hotspot\src\share\vm\prims\jni.cpp, line 709]
Event: 2.189 Thread 0x0000000003193800 Exception <a 'java/io/FileNotFoundException'> (0x00000000f1c35b70) thrown at [C:\re\workspace\8-2-build-windows-amd64-cygwin\jdk8u131\8869\hotspot\src\share\vm\prims\jni.cpp, line 709]
Event: 2.189 Thread 0x0000000003193800 Exception <a 'java/io/FileNotFoundException'> (0x00000000f1c37b28) thrown at [C:\re\workspace\8-2-build-windows-amd64-cygwin\jdk8u131\8869\hotspot\src\share\vm\prims\jni.cpp, line 709]
Event: 2.440 Thread 0x0000000003193800 Implicit null exception at 0x0000000003b209f5 to 0x0000000003b20bc9
Event: 2.440 Thread 0x0000000003193800 Implicit null exception at 0x00000000035a532f to 0x00000000035a5399

Events (10 events):
Event: 2.403 Thread 0x0000000003193800 DEOPT PACKING pc=0x0000000003815058 sp=0x000000000311de20
Event: 2.403 Thread 0x0000000003193800 DEOPT UNPACKING pc=0x00000000032d787f sp=0x000000000311dd10 mode 0
Event: 2.410 Thread 0x0000000003193800 DEOPT PACKING pc=0x0000000003815058 sp=0x000000000311de20
Event: 2.410 Thread 0x0000000003193800 DEOPT UNPACKING pc=0x00000000032d787f sp=0x000000000311dd10 mode 0
Event: 2.440 Thread 0x0000000003193800 Uncommon trap: trap_request=0xffffff65 fr.pc=0x0000000003b20bd8
Event: 2.440 Thread 0x0000000003193800 DEOPT PACKING pc=0x0000000003b20bd8 sp=0x000000000311e5f0
Event: 2.440 Thread 0x0000000003193800 DEOPT UNPACKING pc=0x00000000032d582a sp=0x000000000311e538 mode 2
Event: 2.440 Thread 0x0000000003193800 Uncommon trap: trap_request=0xffffff65 fr.pc=0x00000000035a53a8
Event: 2.440 Thread 0x0000000003193800 DEOPT PACKING pc=0x00000000035a53a8 sp=0x000000000311e590
Event: 2.440 Thread 0x0000000003193800 DEOPT UNPACKING pc=0x00000000032d582a sp=0x000000000311e530 mode 2


Dynamic libraries:
0x00007ff7c6190000 - 0x00007ff7c61c7000 	C:\Program Files\Java\jdk1.8.0_131\bin\java.exe
0x00007fff1f590000 - 0x00007fff1f761000 	C:\WINDOWS\SYSTEM32\ntdll.dll
0x00007fff1f2a0000 - 0x00007fff1f34c000 	C:\WINDOWS\System32\KERNEL32.DLL
0x00007fff1bbf0000 - 0x00007fff1be0d000 	C:\WINDOWS\System32\KERNELBASE.dll
0x00007fff1e3f0000 - 0x00007fff1e492000 	C:\WINDOWS\System32\ADVAPI32.dll
0x00007fff1f4c0000 - 0x00007fff1f55e000 	C:\WINDOWS\System32\msvcrt.dll
0x00007fff1cbe0000 - 0x00007fff1cc39000 	C:\WINDOWS\System32\sechost.dll
0x00007fff1f350000 - 0x00007fff1f471000 	C:\WINDOWS\System32\RPCRT4.dll
0x00007fff1eff0000 - 0x00007fff1f155000 	C:\WINDOWS\System32\USER32.dll
0x00007fff1c4f0000 - 0x00007fff1c50e000 	C:\WINDOWS\System32\win32u.dll
0x00007fff1f480000 - 0x00007fff1f4b4000 	C:\WINDOWS\System32\GDI32.dll
0x00007fff1c9a0000 - 0x00007fff1cb20000 	C:\WINDOWS\System32\gdi32full.dll
0x00007fff11650000 - 0x00007fff118ca000 	C:\WINDOWS\WinSxS\amd64_microsoft.windows.common-controls_6595b64144ccf1df_6.0.14393.953_none_42151e83c686086b\COMCTL32.dll
0x00007fff1e4a0000 - 0x00007fff1e768000 	C:\WINDOWS\System32\combase.dll
0x00007fff1c750000 - 0x00007fff1c845000 	C:\WINDOWS\System32\ucrtbase.dll
0x00007fff1c6e0000 - 0x00007fff1c74a000 	C:\WINDOWS\System32\bcryptPrimitives.dll
0x00007fff1e3b0000 - 0x00007fff1e3de000 	C:\WINDOWS\System32\IMM32.DLL
0x0000000073580000 - 0x0000000073652000 	C:\Program Files\Java\jdk1.8.0_131\jre\bin\msvcr100.dll
0x0000000072ce0000 - 0x000000007357c000 	C:\Program Files\Java\jdk1.8.0_131\jre\bin\server\jvm.dll
0x00007fff1e3e0000 - 0x00007fff1e3e8000 	C:\WINDOWS\System32\PSAPI.DLL
0x00007fff0f0d0000 - 0x00007fff0f0d9000 	C:\WINDOWS\SYSTEM32\WSOCK32.dll
0x00007fff19d20000 - 0x00007fff19d43000 	C:\WINDOWS\SYSTEM32\WINMM.dll
0x00007fff15330000 - 0x00007fff1533a000 	C:\WINDOWS\SYSTEM32\VERSION.dll
0x00007fff1e970000 - 0x00007fff1e9da000 	C:\WINDOWS\System32\WS2_32.dll
0x0000000001860000 - 0x000000000188b000 	C:\WINDOWS\SYSTEM32\WINMMBASE.dll
0x00007fff1c8f0000 - 0x00007fff1c932000 	C:\WINDOWS\System32\cfgmgr32.dll
0x0000000072cd0000 - 0x0000000072cdf000 	C:\Program Files\Java\jdk1.8.0_131\jre\bin\verify.dll
0x0000000072ca0000 - 0x0000000072cc9000 	C:\Program Files\Java\jdk1.8.0_131\jre\bin\java.dll
0x0000000072c80000 - 0x0000000072c96000 	C:\Program Files\Java\jdk1.8.0_131\jre\bin\zip.dll
0x00007fff1cc40000 - 0x00007fff1e148000 	C:\WINDOWS\System32\SHELL32.dll
0x00007fff1be10000 - 0x00007fff1c4ea000 	C:\WINDOWS\System32\windows.storage.dll
0x00007fff1ba40000 - 0x00007fff1ba8c000 	C:\WINDOWS\System32\powrprof.dll
0x00007fff1e2f0000 - 0x00007fff1e342000 	C:\WINDOWS\System32\shlwapi.dll
0x00007fff1ba30000 - 0x00007fff1ba3f000 	C:\WINDOWS\System32\kernel.appcore.dll
0x00007fff1ba90000 - 0x00007fff1bb39000 	C:\WINDOWS\System32\shcore.dll
0x00007fff1ba10000 - 0x00007fff1ba24000 	C:\WINDOWS\System32\profapi.dll
0x0000000072c60000 - 0x0000000072c7a000 	C:\Program Files\Java\jdk1.8.0_131\jre\bin\net.dll
0x00007fff1b330000 - 0x00007fff1b38c000 	C:\WINDOWS\system32\mswsock.dll
0x0000000072c40000 - 0x0000000072c51000 	C:\Program Files\Java\jdk1.8.0_131\jre\bin\nio.dll

VM Arguments:
jvm_args: -Xmx768M -XX:MaxPermSize=256M -Dclassworlds.conf=C:\Applications\Atlassian\atlassian-plugin-sdk-6.2.14\apache-maven-3.2.1\bin\..\bin\m2.conf -Dmaven.home=C:\Applications\Atlassian\atlassian-plugin-sdk-6.2.14\apache-maven-3.2.1\bin\.. 
java_command: org.codehaus.plexus.classworlds.launcher.Launcher -gs C:\Applications\Atlassian\atlassian-plugin-sdk-6.2.14\apache-maven-3.2.1/conf/settings.xml package
java_class_path (initial): C:\Applications\Atlassian\atlassian-plugin-sdk-6.2.14\apache-maven-3.2.1\bin\..\boot\plexus-classworlds-2.5.1.jar
Launcher Type: SUN_STANDARD

Environment Variables:
JAVA_HOME=C:\Program Files\Java\jdk1.8.0_131
USERNAME=andre
OS=Windows_NT
PROCESSOR_IDENTIFIER=Intel64 Family 6 Model 58 Stepping 9, GenuineIntel



---------------  S Y S T E M  ---------------

OS: Windows 10.0 , 64 bit Build 14393 (10.0.14393.1198)

CPU:total 8 (initial active 8) (4 cores per cpu, 2 threads per core) family 6 model 58 stepping 9, cmov, cx8, fxsr, mmx, sse, sse2, sse3, ssse3, sse4.1, sse4.2, popcnt, avx, aes, clmul, erms, ht, tsc, tscinvbit, tscinv

Memory: 4k page, physical 16729032k(7400988k free), swap 33506248k(4284k free)

vm_info: Java HotSpot(TM) 64-Bit Server VM (25.131-b11) for windows-amd64 JRE (1.8.0_131-b11), built on Mar 15 2017 01:23:53 by "java_re" with MS VC++ 10.0 (VS2010)

time: Wed Aug 02 15:52:55 2017
elapsed time: 2 seconds (0d 0h 0m 2s)

